[QUIET] - CBNG configuration:
[QUIET] - -------------------
[QUIET] - CBNG Version:       1.2.10
[QUIET] - CBNG Core Version:  1.12.7
[QUIET] - Artifactory URL:    http://artifactory.cern.ch
[QUIET] - gradleConfigDir:    C:\Users\llagache\TE-MPE-Eclipse-Mars-Java\binary\binary.contents.7075-BCh-3115.winlinuxmac_1.2.10\commonbuild-ng-binaries\gradle/cbng-config
[QUIET] - gradle Version:     2.14.1
[QUIET] - -------------------
[QUIET] - User of execution:  llagache
[QUIET] - Working directory:  C:\Users\llagache\TE-MPE-Eclipse-Mars-Java
[QUIET] - Project directory:  C:\Users\llagache\Workspaces\TE-MPE-Eclipse-Mars-Java\sysboard-core
[QUIET] - Host of execution:  pcte23708
[QUIET] - Start of execution: Thu Apr 06 10:25:43 CEST 2017
[QUIET] - -------------------
[WARN] - Cannot find C:\Users\llagache\Workspaces\TE-MPE-Eclipse-Mars-Java\sysboard-core\product.xml
[INFO] - This is NOT a release server
[INFO] - Cached resource http://artifactory.cern.ch/development/cern/devops/artifact-checker/artifact-checker-configuration/1.0.0-SNAPSHOT/artifact-checker-configuration-1.0.0-20170303.091558-23.pom is up-to-date (lastModified: Mon Apr 03 06:34:15 CEST 2017).
[INFO] - Cached resource http://artifactory.cern.ch/development/cern/devops/artifact-checker/artifact-checker-configuration/1.0.0-SNAPSHOT/artifact-checker-configuration-1.0.0-20170303.091558-23.jar is up-to-date (lastModified: Fri Mar 03 10:15:58 CET 2017).
[INFO] - Applying cobertura plugin to sysboard-core
[INFO] - Creating cobertura extension for project sysboard-core

CONFIGURE SUCCESSFUL

Total time: 42.993 secs


---------------------------------------------------------
Summary of warnings and errors in sysboard-core
---------------------------------------------------------

[WARN] - Cannot find C:\Users\llagache\Workspaces\TE-MPE-Eclipse-Mars-Java\sysboard-core\product.xml

BUILD SUCCESSFUL

